Picked up JAVA_TOOL_OPTIONS: -Dstdout.encoding=UTF-8 -Dstderr.encoding=UTF-8
[INFO] Scanning for projects...
[INFO] 
[INFO] -----------------------< com.dinamo:pdf-signer >------------------------
[INFO] Building pdf-signer 1.0.0
[INFO]   from pom.xml
[INFO] --------------------------------[ jar ]---------------------------------
[INFO] 
[INFO] --- clean:3.2.0:clean (default-clean) @ pdf-signer ---
[INFO] Deleting C:\Users\david.claros\Desktop\Firma Digital\Dinamo\Back\Apis\Api_Js\java-signer\target
[INFO] 
[INFO] --- resources:3.3.1:resources (default-resources) @ pdf-signer ---
[INFO] skip non existing resourceDirectory C:\Users\david.claros\Desktop\Firma Digital\Dinamo\Back\Apis\Api_Js\java-signer\src\main\resources
[INFO] 
[INFO] --- compiler:3.13.0:compile (default-compile) @ pdf-signer ---
[INFO] Recompiling the module because of changed source code.
[INFO] Compiling 1 source file with javac [debug release 21] to target\classes
[INFO] /C:/Users/david.claros/Desktop/Firma Digital/Dinamo/Back/Apis/Api_Js/java-signer/src/main/java/com/dinamo/DinamoPdfSigner.java: C:\Users\david.claros\Desktop\Firma Digital\Dinamo\Back\Apis\Api_Js\java-signer\src\main\java\com\dinamo\DinamoPdfSigner.java uses or overrides a deprecated API.
[INFO] /C:/Users/david.claros/Desktop/Firma Digital/Dinamo/Back/Apis/Api_Js/java-signer/src/main/java/com/dinamo/DinamoPdfSigner.java: Recompile with -Xlint:deprecation for details.
[INFO] 
[INFO] --- resources:3.3.1:testResources (default-testResources) @ pdf-signer ---
[INFO] skip non existing resourceDirectory C:\Users\david.claros\Desktop\Firma Digital\Dinamo\Back\Apis\Api_Js\java-signer\src\test\resources
[INFO] 
[INFO] --- compiler:3.13.0:testCompile (default-testCompile) @ pdf-signer ---
[INFO] No sources to compile
[INFO] 
[INFO] --- surefire:3.2.5:test (default-test) @ pdf-signer ---
[INFO] Tests are skipped.
[INFO] 
[INFO] --- jar:3.4.1:jar (default-jar) @ pdf-signer ---
[INFO] Building jar: C:\Users\david.claros\Desktop\Firma Digital\Dinamo\Back\Apis\Api_Js\java-signer\target\pdf-signer-1.0.0.jar
[INFO] 
[INFO] --- shade:3.6.0:shade (default) @ pdf-signer ---
[INFO] Including com.itextpdf:kernel:jar:8.0.5 in the shaded jar.
[INFO] Including com.itextpdf:bouncy-castle-connector:jar:8.0.5 in the shaded jar.
[INFO] Including org.slf4j:slf4j-api:jar:1.7.36 in the shaded jar.
[INFO] Including com.itextpdf:io:jar:8.0.5 in the shaded jar.
[INFO] Including com.itextpdf:commons:jar:8.0.5 in the shaded jar.
[INFO] Including com.itextpdf:layout:jar:8.0.5 in the shaded jar.
[INFO] Including com.itextpdf:forms:jar:8.0.5 in the shaded jar.
[INFO] Including com.itextpdf:sign:jar:8.0.5 in the shaded jar.
[INFO] Including com.itextpdf:pdfa:jar:8.0.5 in the shaded jar.
[INFO] Including org.bouncycastle:bcpkix-jdk18on:jar:1.79 in the shaded jar.
[INFO] Including org.bouncycastle:bcutil-jdk18on:jar:1.79 in the shaded jar.
[INFO] Including org.bouncycastle:bcprov-jdk18on:jar:1.79 in the shaded jar.
[INFO] Including com.itextpdf:bouncy-castle-adapter:jar:8.0.5 in the shaded jar.
[INFO] Including com.google.code.gson:gson:jar:2.11.0 in the shaded jar.
[INFO] Including com.google.errorprone:error_prone_annotations:jar:2.27.0 in the shaded jar.
[INFO] Dependency-reduced POM written at: C:\Users\david.claros\Desktop\Firma Digital\Dinamo\Back\Apis\Api_Js\java-signer\dependency-reduced-pom.xml
[WARNING] bcpkix-jdk18on-1.79.jar, bcprov-jdk18on-1.79.jar, bcutil-jdk18on-1.79.jar, bouncy-castle-adapter-8.0.5.jar, bouncy-castle-connector-8.0.5.jar, commons-8.0.5.jar, error_prone_annotations-2.27.0.jar, forms-8.0.5.jar, gson-2.11.0.jar, io-8.0.5.jar, kernel-8.0.5.jar, layout-8.0.5.jar, pdf-signer-1.0.0.jar, pdfa-8.0.5.jar, sign-8.0.5.jar, slf4j-api-1.7.36.jar define 1 overlapping resource: 
[WARNING]   - META-INF/MANIFEST.MF
[WARNING] bcpkix-jdk18on-1.79.jar, bcprov-jdk18on-1.79.jar, bcutil-jdk18on-1.79.jar define 1 overlapping resource: 
[WARNING]   - META-INF/versions/9/OSGI-INF/MANIFEST.MF
[WARNING] bcpkix-jdk18on-1.79.jar, bcprov-jdk18on-1.79.jar, bcutil-jdk18on-1.79.jar, error_prone_annotations-2.27.0.jar, gson-2.11.0.jar define 1 overlapping classes: 
[WARNING]   - META-INF.versions.9.module-info
[WARNING] maven-shade-plugin has detected that some files are
[WARNING] present in two or more JARs. When this happens, only one
[WARNING] single version of the file is copied to the uber jar.
[WARNING] Usually this is not harmful and you can skip these warnings,
[WARNING] otherwise try to manually exclude artifacts based on
[WARNING] mvn dependency:tree -Ddetail=true and the above output.
[WARNING] See https://maven.apache.org/plugins/maven-shade-plugin/
[INFO] Replacing original artifact with shaded artifact.
[INFO] Replacing C:\Users\david.claros\Desktop\Firma Digital\Dinamo\Back\Apis\Api_Js\java-signer\target\pdf-signer-1.0.0.jar with C:\Users\david.claros\Desktop\Firma Digital\Dinamo\Back\Apis\Api_Js\java-signer\target\pdf-signer-1.0.0-shaded.jar
[INFO] ------------------------------------------------------------------------
[INFO] BUILD SUCCESS
[INFO] ------------------------------------------------------------------------
[INFO] Total time:  22.838 s
[INFO] Finished at: 2026-02-20T09:20:30-05:00
[INFO] ------------------------------------------------------------------------
